Generating new Snapshot.txt file...
Enter amounts to be stored on the given addresses.
Amounts can be given as numbers, or with suffixes Ki Mi Gi Ti Pi.
Hit Return without entering an amount to switch to another seed.
Hit return for the first address of a seed assign the remaining IOTA
and finish the process.

Remaining IOTA: 2779530283277761

Seed: JOQXYJWLIBSPS9VHAYNXJ9ZZBUYFUVGL9IXDPGLECVWWMJWBZQVL9EDEWANESUCABCEYGJUVFWIWQHURV
  QYTOMWKWHUUXI9IHTJEOEFSYXRYQIJXNRDFSEUSFJTGYXQVVMEMVNVALHOZEGZEEVODJWRVBD9KUTHKUW9ZJIKZNPY: 1000000
  KXAKCPBRFXUTHXFFCDTOJKEMKZLFWNZXONSTCRUYVWFUYQPWQQDBINQXVKMZUIIHLFBTCTCFPFVFIWIBBZICFJSCMB: 1000000
  JKCPFWQRGOKUBCEHCYIKLSWFHTECBLXPCJOX9EIYJOAHVPGILKOKLNKERQGCRK9SHWARKYYRNYFZHLDZCZAXESAYLX: 1000000
  IZTXOPICOGUHZUVJ9STVYVBLAZFEAN9HNQZTHYGCWTUIGTCSVMEPQIAWTIOASMUURMZIECEWYPNPXRAHDNMSVFTZEW: 1000000
  STXSRQFDRGTGCRRCEBCISAHXCLALSJVPOMBKDDVDRJPKEAGWTIDAWYVNDSUNCJKUAQJBBI9ZKUTKUKQYWMGITQUXEW: 1000000
  HTHQJWXUNELTHUUIPZQILFB9UQZRIPVLSTMXEEXEYAXOKCWTWPARDYLEXCN9XSUJBWQJAOVBMADSGBXRBUARZASJFD: 1000000
  ZNHULEGQTPLFZVTFPZUJXERFBTIBQAALEXRXKJRGDXANWG9UAJLTICZGKKJJNKNTKWSDBVOPLXLHZYJYDHCMDGMBLB: 1000000
  BMFJHEZSCMLCJ9ZFQDNHVT99SJVORL9IKGZQIIDHMMQLOREWCBUXUNLXBADBJUKANEYXSJOWT99MTYXDCSXXWXEBYX: 1000000
  OYHNAQYCI9NU9WER9GUETHPFMEXLOYXVIKHLOWJXG9OZHESLTQJOLSLFIWNJGUITNDRJXKEENZEREJGYAVLGQBBOXX: 1000000
  9AOQ9ENOGH9VWIBGSQJFRCMDTKQCLPHMMJAUXPQNCW9X9CWTM9HOQNATUCLNAUPTIDZETDZPYNHNEWVMCXZBVFFKFA: 1000000
  WVMOMNNEYUYQ9ONTRFZNGAMNRPFKJKJIUNFSFLBHRTHNFICXGRPRLETMAENFKSIRXYGEIDPMDDCFBLWKCRBAHOMBOW: 1000000
  NCDWUJARD9CBVUXGBD9FXHAAQPVSFGXWZHPEH9THXELWTLPGRUMWLNFIH9TNLUQBXGCKCQZSHDCN99I9XRYMTNLZYB: 1000000
  UJPEXHOVFGDBDAAYVITVNNODDVKWSDEEUGJYPHJFVZYOWHGXCWTKFPFROQWAHRGUOSTRTEIBYRIQFBYG9MEK9G9IHW: 1000000
  GKPFPEPPFGYKPYVHBFAKL9FPOFPFGZRWGLFKTHAM9RMPKIG9YWZJBKDFL9CCPBTSVPUNVKUUGOQJPFAOBAHKHTEOWA: 1000000
  NXEVSFCCZNLFENWTYLNFRWGCILQVDHDPGWUPGLJQPREUMHPDDJPFSENXPS9BMWNIYEJ9WMAKGDTFBSBG9LRAYITHWZ: 1000000
  EQUZCHQYJBGGTSFLUKBAOTJFGZMRXWJWUMBREOCDLSCPTZXKCEXRBXXBDCKFCNXQBRFGYJUAOCDS9O9WARFQVVPWYZ: 1000000
  ZEZII9SUETPTWOFWEVOUDAHSQXSUPLJDPA9WVLQOHOEQKEDONCYDAZGMHUDCUA9JQGHVFE9QVEVJSTQPYHIVAMHIGA: 1000000
  GQQBRTZHSQWN99EZBYGUWNSH9NYCQMLXOEXGJTNXXBGCDLN999LNI9QQE9BXHYVHLTYNEOOEKYCKQ9DRWZRUDGCH9W: 1000000
  JSLVPYRLXWF9ETDRZPVG9DPOIQ9LMNTZ9RQSEPVVCRPCJMOQAFNVRHTCTOTXYMLUOWONQXMECUZME9CQYQXBZDEPEA: 1000000
  CHIPOCYUBVQHPGGNKJZECRCKNPYZVQFRJHPZNQNOXDCGEGLAHBXMXZAUJQBSALHXBJGSOPDZUWSDYOYSAMQSEXZCNY: 

Seed: TRSCUKOFRKIS9SEKADSGKQBKXVEEZYXTYNLGEUUNUNITEQJDTDSMILF9PEPXRMYNCYXS9KIUQJUADEBWT
  SVYJMRSOTTQOTSQCQQAJFITNDEFGBADBJVGBZPPHFZM9JUPZZQURXTVVJJYXGKGRMP9OBXHAZLVKMFBAAUI9PPVYCZ: 10000000
  DYQYAAOCPHWDSXRMCTXRUUFIBEWORCEO9QLTSJBMPDGNXSZTJVJRYKXGUWPHUTLIV9ALUUEYVNLVTOISAUXGHWENBX: 10000000
  KOQTBFNVHGZWPIZPZUWCXNICMJFAJSGVEZALFBXRFGOAACYMXERYFFCFPXYHNBBLCKIIUPMRMMURQXGSBBACXJTLVD: 10000000
  UCTDPGKWAVOXPNKRKTXJDGFAUCHQBCNVUQVPU9VENPASWBZZIPCIGEGIRWC9NXYFYODIKQLTRSELH9QPDIYYOTAUQX: 

Seed: ZWQCYZBHCGTRGRERQ9KOM9ETD9LNDXLAUNLJMAFMKQSLYWWYRNVDCRYFQUEPXUMQQDY9OSQAYUTYRRHRY
  ASAHXRMGEPTEDRAJRXMPCELIV9DEGJPPXIIBPVINODGBSTRFJBQSYBPZCRKYBOEUS9BSVYYECQYDZDNSWKRDHOELYX: 100000000
  YBFALAVVOQUWSLFEYYEQQ9PYPYVDQBEBHJFTFVQQHGCXNWICTBGPSYWYJXHWYAGJLERR9HKXKPSEP9DZARHMMNAOHZ: 10000000
  BJ9QHJQSGZXOUORETNDUZVUESZTRANHIHOLJNZRHSGAWSWDHLWFCDTKNXCNFPXRQJRBUBYSITZITU9JCAWG9FRN9XZ: 1000000
  A9QXBWKXTLKPHAQMMLNPULAGDITZZGJOEXHNGKIEOABEDFQFJKXYXBFWDVAQKV9OYBUOXZTSSSERMKBFWSIALIJRXW: 100000
  LCVZBNZFLOV9PISAOMEHSOSIVNCPCMRRTEUUMSDVRGVO9OFQJWIHTGKRFWJPGTFRAXMROOQNCQSMSKWMCNXNAKE9Y9: 10000
  DPYQQNOIZCGWUTROOMOSMYQMGDAJMMWEDOPOFTBVPDNPW9JWZFRBTSOXOCYQQNAC9JYPLEKGQGWFJDWMCMDFOLPYFC: 1000
  SMKRJSZ9YD9YTBOYJKOUVLFGWXSYTHWZRMP9SXJZVRLYILXDEEXSMHSZNYEFXYDRFFRHAEITRISZKIGRCRIQJZEDG9: 100
  FQGOKJVAHEKDMBCAEBYQWBREF9IVEG9YZIZZXYOKOXNWVRUYTLXOIMMDWWOXFHTNCWJVYJIYMISGTPKJCQKPTSHVQD: 10
  DOZAFUZBLKMBYOWPHYAISJRLWLWGVXP9RJJYFBVIFSYTIQEWWZEDSPNRVQMXUSAJYUGUKWXR9MD9HMJ9ZRIUMEYWOB: 1
  RDUEOJZPTIQ9AIJDTGGENAMHJKC9FC9UKFGRMZVTQZXDABV9IMAOVHMIIJBRPRGZXFRNNWXHQKZJUDSV9LAIJJAUCD: 

Seed: WHOVIGW9VIMZEIKVWIHAFZOLKTZBMVX9AEYDRRRNVDEQXKXCCJCFSFT9JBUQYNGAXOHSBSKCIWHPPTIQK
  NNVXRLALIEP9WJHLHQDPXHBFSLOS9LGXSKLJLXY9QXAXESD9JPBORZJA9GBHZGXABIXALRIZ9NXE9LVWYIOPP9HSOY: 1
  JYLZ9KZTBITBCSRKCKXXHCJVXXMBTTYTDZMKDUZDXZCZPCNE9BKX9F9JYDAYQGQQFOZE9AQUGT9VX9OHANPJAZNSVW: 

Seed: TEEHS9EQPQKSQ9ELJRFCJXIDXXLDAHENQLJEQXFYQRNBC9JJZYHDHERX9ZKTEGZOOCYOSFLSLRCKFO9S9
  LXCYWIDSFNPSXWGCFJBZHVCBRMFFMZTXU9VRKH9ZZBFK9MICDAGJAXRPALAJYAMOZBXNXMHHMCGUZPNLBDHNJHVEKB: 1
  AWRNSLQUU99ASGWCDLGDHLWJARXGFSABXSZIPRQIUJMWBONFRVCKRDXNAZDADZPOMIIYCRRHCJMJYEDYWJGWIZTXMY: 

Seed: MSCYOFN9ZJWZOCJWZ9NIUJYSJT9POCOTQPVPMAZOYOISJFRNUDRLYVXISCXRGV9CIPOJBULYOSMS9WPOC
  SURHWENNR9EQSESMKSD9DZWMLXCEWNUGBNROBKAH9GZBTMTKHUNBIUGBJ9LPMJTIZMTWQLR9YHSQYSUSYCDTKIQIRW: 
  SURHWENNR9EQSESMKSD9DZWMLXCEWNUGBNROBKAH9GZBTMTKHUNBIUGBJ9LPMJTIZMTWQLR9YHSQYSUSYCDTKIQIRW: 2779530123166648

Done.
